<?xml version="1.0" encoding="UTF-8"?>
<!-- Generated by org.testng.reporters.JUnitReportReporter -->
<testsuite hostname="Lenovo" failures="0" tests="6" name="org.test.BClass" time="0.092" errors="0" timestamp="2023-11-22T18:09:42 IST" skipped="1">
  <testcase classname="org.test.BClass" name="tc21" time="0.018"/>
  <system-out/>
  <testcase classname="org.test.BClass" name="tc21" time="0.012"/>
  <system-out/>
  <testcase classname="org.test.BClass" name="tc21" time="0.010"/>
  <system-out/>
  <testcase classname="org.test.BClass" name="tc21" time="0.041"/>
  <system-out/>
  <testcase classname="org.test.BClass" name="tc25" time="0.011"/>
  <system-out/>
  <testcase classname="org.test.BClass" name="tc23">
    <skipped/>
  </testcase> <!-- tc23 -->
  <system-out/>
</testsuite> <!-- org.test.BClass -->
