<?xml version="1.0" encoding="UTF-8"?>
<!-- Generated by org.testng.reporters.JUnitReportReporter -->
<testsuite hostname="Lenovo" failures="0" tests="4" name="org.test.AClass" time="0.157" errors="0" timestamp="2023-11-22T11:42:27 IST" skipped="0">
  <testcase classname="org.test.AClass" name="tc10" time="0.011"/>
  <system-out/>
  <testcase classname="org.test.AClass" name="tc1" time="0.040"/>
  <system-out/>
  <testcase classname="org.test.AClass" name="tc11" time="0.043"/>
  <system-out/>
  <testcase classname="org.test.AClass" name="tc12" time="0.063"/>
  <system-out/>
</testsuite> <!-- org.test.AClass -->
