<?xml version="1.0" encoding="UTF-8"?>
<!-- Generated by org.testng.reporters.JUnitReportReporter -->
<testsuite hostname="Lenovo" failures="0" tests="12" name="org.test.NewProject" time="24.876" errors="0" timestamp="2023-11-22T11:47:08 IST" skipped="1">
  <testcase classname="org.test.NewProject" name="tc3" time="0.016"/>
  <system-out/>
  <testcase classname="org.test.NewProject" name="tc6" time="7.778"/>
  <system-out/>
  <testcase classname="org.test.NewProject" name="tc4" time="2.920"/>
  <system-out/>
  <testcase classname="org.test.NewProject" name="tc33" time="1.153"/>
  <system-out/>
  <testcase classname="org.test.NewProject" name="tc33" time="1.087"/>
  <system-out/>
  <testcase classname="org.test.NewProject" name="tc33" time="1.171"/>
  <system-out/>
  <testcase classname="org.test.NewProject" name="tc33" time="1.352"/>
  <system-out/>
  <testcase classname="org.test.NewProject" name="tc33" time="2.372"/>
  <system-out/>
  <testcase classname="org.test.NewProject" name="tc4" time="3.182"/>
  <system-out/>
  <testcase classname="org.test.NewProject" name="tc5" time="3.841"/>
  <system-out/>
  <testcase classname="org.test.NewProject" name="tc7" time="0.004"/>
  <system-out/>
  <testcase classname="org.test.NewProject" name="tc2">
    <skipped/>
  </testcase> <!-- tc2 -->
  <system-out/>
</testsuite> <!-- org.test.NewProject -->
