<?xml version="1.0" encoding="UTF-8"?>
<!-- Generated by org.testng.reporters.JUnitReportReporter -->
<testsuite hostname="Lenovo" failures="0" tests="3" name="org.sinc.B" time="0.010" errors="0" timestamp="2023-11-21T21:00:54 IST" skipped="1">
  <testcase classname="org.sinc.B" name="tc21" time="0.004"/>
  <system-out/>
  <testcase classname="org.sinc.B" name="tc25" time="0.006"/>
  <system-out/>
  <testcase classname="org.sinc.B" name="tc23">
    <skipped/>
  </testcase> <!-- tc23 -->
  <system-out/>
</testsuite> <!-- org.sinc.B -->
