<?xml version="1.0" encoding="UTF-8"?>
<!-- Generated by org.testng.reporters.JUnitReportReporter -->
<testsuite hostname="Lenovo" failures="0" tests="5" name="org.sinc.A" time="0.047" errors="0" timestamp="2023-11-21T21:00:54 IST" skipped="0">
  <testcase classname="org.sinc.A" name="tc11" time="0.004"/>
  <system-out/>
  <testcase classname="org.sinc.A" name="tc55" time="0.013"/>
  <system-out/>
  <testcase classname="org.sinc.A" name="tc55" time="0.015"/>
  <system-out/>
  <testcase classname="org.sinc.A" name="tc33" time="0.011"/>
  <system-out/>
  <testcase classname="org.sinc.A" name="tc55" time="0.004"/>
  <system-out/>
</testsuite> <!-- org.sinc.A -->
